Bioconductor version 3.9 (BiocManager 1.30.4), R 3.6.0 (2019-04-26)
Installing package(s) 'BiocVersion', 'org.Hs.eg.db'
trying URL 'https://bioconductor.org/packages/3.9/bioc/src/contrib/BiocVersion_3.9.0.tar.gz'
Content type 'application/x-gzip' length 984 bytes
==================================================
downloaded 984 bytes

trying URL 'https://bioconductor.org/packages/3.9/data/annotation/src/contrib/org.Hs.eg.db_3.8.2.tar.gz'
Content type 'application/x-gzip' length 74892843 bytes (71.4 MB)
==================================================
downloaded 71.4 MB


The downloaded source packages are in
	‘/private/var/folders/yp/_xw2t7s114qfcp25y88qy9640000gp/T/RtmpeIp1D8/downloaded_packages’
Updating HTML index of packages in '.Library'
Making 'packages.html' ... done
Warning message:
In library(package, lib.loc = lib.loc, character.only = TRUE, logical.return = TRUE,  :
  there is no package called ‘organism’
also installing the dependencies ‘sys’, ‘ps’, ‘askpass’, ‘rematch’, ‘processx’, ‘tinytex’, ‘generics’, ‘tidyselect’, ‘curl’, ‘openssl’, ‘clipr’, ‘cellranger’, ‘progress’, ‘callr’, ‘fs’, ‘rmarkdown’, ‘whisker’, ‘selectr’, ‘lifecycle’, ‘broom’, ‘dplyr’, ‘dbplyr’, ‘forcats’, ‘haven’, ‘hms’, ‘httr’, ‘lubridate’, ‘modelr’, ‘purrr’, ‘readr’, ‘readxl’, ‘reprex’, ‘rvest’, ‘tidyr’, ‘xml2’

trying URL 'http://cran.us.r-project.org/src/contrib/sys_3.3.tar.gz'
Content type 'application/x-gzip' length 20225 bytes (19 KB)
==================================================
downloaded 19 KB

trying URL 'http://cran.us.r-project.org/src/contrib/ps_1.3.0.tar.gz'
Content type 'application/x-gzip' length 261887 bytes (255 KB)
==================================================
downloaded 255 KB

trying URL 'http://cran.us.r-project.org/src/contrib/askpass_1.1.tar.gz'
Content type 'application/x-gzip' length 5730 bytes
==================================================
downloaded 5730 bytes

trying URL 'http://cran.us.r-project.org/src/contrib/rematch_1.0.1.tar.gz'
Content type 'application/x-gzip' length 3719 bytes
==================================================
downloaded 3719 bytes

trying URL 'http://cran.us.r-project.org/src/contrib/processx_3.4.1.tar.gz'
Content type 'application/x-gzip' length 123430 bytes (120 KB)
==================================================
downloaded 120 KB

trying URL 'http://cran.us.r-project.org/src/contrib/tinytex_0.16.tar.gz'
Content type 'application/x-gzip' length 23460 bytes (22 KB)
==================================================
downloaded 22 KB

trying URL 'http://cran.us.r-project.org/src/contrib/generics_0.0.2.tar.gz'
Content type 'application/x-gzip' length 163610 bytes (159 KB)
==================================================
downloaded 159 KB

trying URL 'http://cran.us.r-project.org/src/contrib/tidyselect_0.2.5.tar.gz'
Content type 'application/x-gzip' length 21883 bytes (21 KB)
==================================================
downloaded 21 KB

trying URL 'http://cran.us.r-project.org/src/contrib/curl_4.2.tar.gz'
Content type 'application/x-gzip' length 667901 bytes (652 KB)
==================================================
downloaded 652 KB

trying URL 'http://cran.us.r-project.org/src/contrib/openssl_1.4.1.tar.gz'
Content type 'application/x-gzip' length 1206885 bytes (1.2 MB)
==================================================
downloaded 1.2 MB

trying URL 'http://cran.us.r-project.org/src/contrib/clipr_0.7.0.tar.gz'
Content type 'application/x-gzip' length 20381 bytes (19 KB)
==================================================
downloaded 19 KB

trying URL 'http://cran.us.r-project.org/src/contrib/cellranger_1.1.0.tar.gz'
Content type 'application/x-gzip' length 63857 bytes (62 KB)
==================================================
downloaded 62 KB

trying URL 'http://cran.us.r-project.org/src/contrib/progress_1.2.2.tar.gz'
Content type 'application/x-gzip' length 29506 bytes (28 KB)
==================================================
downloaded 28 KB

trying URL 'http://cran.us.r-project.org/src/contrib/callr_3.3.2.tar.gz'
Content type 'application/x-gzip' length 94404 bytes (92 KB)
==================================================
downloaded 92 KB

trying URL 'http://cran.us.r-project.org/src/contrib/fs_1.3.1.tar.gz'
Content type 'application/x-gzip' length 812680 bytes (793 KB)
==================================================
downloaded 793 KB

trying URL 'http://cran.us.r-project.org/src/contrib/rmarkdown_1.15.tar.gz'
Content type 'application/x-gzip' length 3174782 bytes (3.0 MB)
==================================================
downloaded 3.0 MB

trying URL 'http://cran.us.r-project.org/src/contrib/whisker_0.4.tar.gz'
Content type 'application/x-gzip' length 28574 bytes (27 KB)
==================================================
downloaded 27 KB

trying URL 'http://cran.us.r-project.org/src/contrib/selectr_0.4-1.tar.gz'
Content type 'application/x-gzip' length 42971 bytes (41 KB)
==================================================
downloaded 41 KB

trying URL 'http://cran.us.r-project.org/src/contrib/lifecycle_0.1.0.tar.gz'
Content type 'application/x-gzip' length 150752 bytes (147 KB)
==================================================
downloaded 147 KB

trying URL 'http://cran.us.r-project.org/src/contrib/broom_0.5.2.tar.gz'
Content type 'application/x-gzip' length 1231023 bytes (1.2 MB)
==================================================
downloaded 1.2 MB

trying URL 'http://cran.us.r-project.org/src/contrib/dplyr_0.8.3.tar.gz'
Content type 'application/x-gzip' length 1173098 bytes (1.1 MB)
==================================================
downloaded 1.1 MB

trying URL 'http://cran.us.r-project.org/src/contrib/dbplyr_1.4.2.tar.gz'
Content type 'application/x-gzip' length 303397 bytes (296 KB)
==================================================
downloaded 296 KB

trying URL 'http://cran.us.r-project.org/src/contrib/forcats_0.4.0.tar.gz'
Content type 'application/x-gzip' length 255097 bytes (249 KB)
==================================================
downloaded 249 KB

trying URL 'http://cran.us.r-project.org/src/contrib/haven_2.1.1.tar.gz'
Content type 'application/x-gzip' length 265123 bytes (258 KB)
==================================================
downloaded 258 KB

trying URL 'http://cran.us.r-project.org/src/contrib/hms_0.5.1.tar.gz'
Content type 'application/x-gzip' length 136031 bytes (132 KB)
==================================================
downloaded 132 KB

trying URL 'http://cran.us.r-project.org/src/contrib/httr_1.4.1.tar.gz'
Content type 'application/x-gzip' length 158465 bytes (154 KB)
==================================================
downloaded 154 KB

trying URL 'http://cran.us.r-project.org/src/contrib/lubridate_1.7.4.tar.gz'
Content type 'application/x-gzip' length 449850 bytes (439 KB)
==================================================
downloaded 439 KB

trying URL 'http://cran.us.r-project.org/src/contrib/modelr_0.1.5.tar.gz'
Content type 'application/x-gzip' length 121130 bytes (118 KB)
==================================================
downloaded 118 KB

trying URL 'http://cran.us.r-project.org/src/contrib/purrr_0.3.2.tar.gz'
Content type 'application/x-gzip' length 373701 bytes (364 KB)
==================================================
downloaded 364 KB

trying URL 'http://cran.us.r-project.org/src/contrib/readr_1.3.1.tar.gz'
Content type 'application/x-gzip' length 268853 bytes (262 KB)
==================================================
downloaded 262 KB

trying URL 'http://cran.us.r-project.org/src/contrib/readxl_1.3.1.tar.gz'
Content type 'application/x-gzip' length 2056165 bytes (2.0 MB)
==================================================
downloaded 2.0 MB

trying URL 'http://cran.us.r-project.org/src/contrib/reprex_0.3.0.tar.gz'
Content type 'application/x-gzip' length 1052597 bytes (1.0 MB)
==================================================
downloaded 1.0 MB

trying URL 'http://cran.us.r-project.org/src/contrib/rvest_0.3.4.tar.gz'
Content type 'application/x-gzip' length 1631028 bytes (1.6 MB)
==================================================
downloaded 1.6 MB

trying URL 'http://cran.us.r-project.org/src/contrib/tidyr_1.0.0.tar.gz'
Content type 'application/x-gzip' length 811227 bytes (792 KB)
==================================================
downloaded 792 KB

trying URL 'http://cran.us.r-project.org/src/contrib/xml2_1.2.2.tar.gz'
Content type 'application/x-gzip' length 261081 bytes (254 KB)
==================================================
downloaded 254 KB

trying URL 'http://cran.us.r-project.org/src/contrib/tidyverse_1.2.1.tar.gz'
Content type 'application/x-gzip' length 61647 bytes (60 KB)
==================================================
downloaded 60 KB


The downloaded source packages are in
	‘/private/var/folders/yp/_xw2t7s114qfcp25y88qy9640000gp/T/RtmpeIp1D8/downloaded_packages’
Updating HTML index of packages in '.Library'
Making 'packages.html' ... done
Warning messages:
1: In install.packages("tidyverse", repos = "http://cran.us.r-project.org") :
  installation of package ‘selectr’ had non-zero exit status
2: In install.packages("tidyverse", repos = "http://cran.us.r-project.org") :
  installation of package ‘lubridate’ had non-zero exit status
3: In install.packages("tidyverse", repos = "http://cran.us.r-project.org") :
  installation of package ‘rvest’ had non-zero exit status
4: In install.packages("tidyverse", repos = "http://cran.us.r-project.org") :
  installation of package ‘tidyverse’ had non-zero exit status
